<?xml version="1.0" encoding="UTF-8"?>
<testsuite xmlns:xsi="http://www.w3.org/2001/XMLSchema-instance" xsi:noNamespaceSchemaLocation="https://maven.apache.org/surefire/maven-surefire-plugin/xsd/surefire-test-report.xsd" version="3.0.2" name="org.acme.rest.json.RestJsonTest" time="2.76" tests="2" errors="0" skipped="0" failures="0">
  <properties>
[...]
</properties>
  <testcase name="fruits" classname="org.acme.rest.json.RestJsonTest" time="0.836">
    <system-out><![CDATA[2024-10-25 07:53:52,591 INFO  [org.apa.cam.qua.cor.CamelBootstrapRecorder] (main) Apache Camel Quarkus 3.15.0 is starting
2024-10-25 07:53:52,593 INFO  [org.apa.cam.mai.MainSupport] (main) Apache Camel (Main) 4.8.0 is starting
2024-10-25 07:53:52,612 INFO  [org.apa.cam.mai.BaseMainSupport] (main) Auto-configuration summary
2024-10-25 07:53:52,612 INFO  [org.apa.cam.mai.BaseMainSupport] (main)     [MicroProfilePropertiesSource] camel.context.name = quarkus-camel-example-rest-json
2024-10-25 07:53:52,678 INFO  [org.apa.cam.imp.eng.AbstractCamelContext] (main) Apache Camel 4.8.0 (quarkus-camel-example-rest-json) is starting
2024-10-25 07:53:52,748 INFO  [org.apa.cam.imp.eng.AbstractCamelContext] (main) Routes startup (total:3 rest-dsl:3)
2024-10-25 07:53:52,748 INFO  [org.apa.cam.imp.eng.AbstractCamelContext] (main)     Started route1 (rest://get:/fruits)
2024-10-25 07:53:52,748 INFO  [org.apa.cam.imp.eng.AbstractCamelContext] (main)     Started route2 (rest://post:/fruits)
2024-10-25 07:53:52,749 INFO  [org.apa.cam.imp.eng.AbstractCamelContext] (main)     Started route3 (rest://get:/legumes)
2024-10-25 07:53:52,749 INFO  [org.apa.cam.imp.eng.AbstractCamelContext] (main) Apache Camel 4.8.0 (quarkus-camel-example-rest-json) started in 70ms (build:0ms init:0ms start:70ms)
2024-10-25 07:53:52,812 INFO  [io.quarkus] (main) camel-quarkus-cicd 1.0 on JVM (powered by Quarkus 3.15.1) started in 1.477s. Listening on: http://localhost:8081
2024-10-25 07:53:52,812 INFO  [io.quarkus] (main) Profile test activated. 
2024-10-25 07:53:52,813 INFO  [io.quarkus] (main) Installed features: [camel-attachments, camel-core, camel-direct, camel-jackson, camel-platform-http, camel-rest, cdi, smallrye-context-propagation, vertx]
]]></system-out>
  </testcase>
  <testcase name="legumes" classname="org.acme.rest.json.RestJsonTest" time="0.019"/>
</testsuite>